<?xml version="1.0" encoding="UTF-8"?>
<!-- Generated by org.testng.reporters.JUnitXMLReporter -->
<testsuite ignored="0" hostname="DESKTOP-SSHCSEN" failures="0" tests="3" name="ChromeBrowserTestCases" time="12.611" errors="0" timestamp="2024-07-24T18:53:51 IST">
  <testcase classname="crossBrowserTesting.CrossBrowsing" name="edge" time="1.491"/>
  <testcase classname="crossBrowserTesting.CrossBrowsing" name="firefox" time="5.076"/>
  <testcase classname="crossBrowserTesting.CrossBrowsing" name="google" time="3.504"/>
</testsuite> <!-- ChromeBrowserTestCases -->
