<?xml version="1.0" encoding="UTF-8"?>
<!-- Generated by org.testng.reporters.JUnitXMLReporter -->
<testsuite ignored="0" hostname="DESKTOP-SSHCSEN" failures="0" tests="3" name="EdgeBrowserTestCases" time="11.795" errors="0" timestamp="2024-07-24T18:54:03 IST">
  <testcase classname="crossBrowserTesting.CrossBrowsing" name="edge" time="1.922"/>
  <testcase classname="crossBrowserTesting.CrossBrowsing" name="firefox" time="3.043"/>
  <testcase classname="crossBrowserTesting.CrossBrowsing" name="google" time="4.407"/>
</testsuite> <!-- EdgeBrowserTestCases -->
