<?xml version="1.0" encoding="UTF-8"?>
<!-- Generated by org.testng.reporters.JUnitXMLReporter -->
<testsuite ignored="0" hostname="DESKTOP-SSHCSEN" failures="0" tests="3" name="FirefoxBrowserTCs" time="26.666" errors="0" timestamp="2024-07-24T18:53:39 IST">
  <testcase classname="crossBrowserTesting.CrossBrowsing" name="edge" time="1.397"/>
  <testcase classname="crossBrowserTesting.CrossBrowsing" name="firefox" time="5.89"/>
  <testcase classname="crossBrowserTesting.CrossBrowsing" name="google" time="4.053"/>
</testsuite> <!-- FirefoxBrowserTCs -->
