<?xml version="1.0" encoding="UTF-8"?>
<!-- Generated by org.testng.reporters.JUnitXMLReporter -->
<testsuite ignored="2" hostname="DESKTOP-SSHCSEN" failures="0" tests="2" name="Test" time="13.708" errors="0" timestamp="2024-06-22T14:58:36 IST">
  <testcase classname="testNG.TestNG_Different_pacakges" name="swiggy" time="5.243"/>
  <testcase classname="testNG.TestNG_Different_pacakges" name="zomato" time="3.912"/>
  <testcase classname="testNG.TestNG_Different_pacakges" name="ndtv" time="0.0">
    <ignored/>
  </testcase> <!-- ndtv -->
  <testcase classname="testNG.TestNG_Different_pacakges" name="redmine" time="0.0">
    <ignored/>
  </testcase> <!-- redmine -->
</testsuite> <!-- Test -->
