<?xml version="1.0" encoding="UTF-8"?>
<testng-results ignored="0" total="1" passed="1" failed="0" skipped="0">
  <reporter-output>
  </reporter-output>
  <suite started-at="2024-08-02T11:54:45 IST" name="Default suite" finished-at="2024-08-02T11:54:50 IST" duration-ms="4682">
    <groups>
    </groups>
    <test started-at="2024-08-02T11:54:45 IST" name="Default test" finished-at="2024-08-02T11:54:50 IST" duration-ms="4682">
      <class name="versions.VersionOfTools">
        <test-method is-config="true" signature="beforeTest()[pri:0, instance:versions.VersionOfTools@2d52216b]" started-at="2024-08-02T11:54:45 IST" name="beforeTest" finished-at="2024-08-02T11:54:47 IST" duration-ms="2043" status="PASS">
          <reporter-output>
          </reporter-output>
        </test-method> <!-- beforeTest -->
        <test-method signature="selenium()[pri:0, instance:versions.VersionOfTools@2d52216b]" started-at="2024-08-02T11:54:47 IST" name="selenium" finished-at="2024-08-02T11:54:50 IST" duration-ms="2597" status="PASS">
          <reporter-output>
          </reporter-output>
        </test-method> <!-- selenium -->
      </class> <!-- versions.VersionOfTools -->
    </test> <!-- Default test -->
  </suite> <!-- Default suite -->
</testng-results>
